This is pdfTeX, Version 3.14159265-2.6-1.40.16 (TeX Live 2015/Debian) (preloaded format=pdflatex 2017.8.31)  22 JAN 2018 17:00
entering extended mode
 restricted \write18 enabled.
 %&-line parsing enabled.
**frontespizio.tex
(./frontespizio.tex
LaTeX2e <2016/02/01>
Babel <3.9q> and hyphenation patterns for 81 language(s) loaded.

! LaTeX Error: Missing \begin{document}.

See the LaTeX manual or LaTeX Companion for explanation.
Type  H <return>  for immediate help.
 ...                                              
                                                  
l.4 \begin{center}
                  
You're in trouble here.  Try typing  <return>  to proceed.
If that doesn't work, type  X <return>  to quit.


Overfull \hbox (20.0pt too wide) in paragraph at lines 4--4
[] 
 []

! Undefined control sequence.
l.5   \large
            
The control sequence at the end of the top line
of your error message was never \def'ed. If you have
misspelled it (e.g., `\hobx'), type `I' and the correct
spelling (e.g., `I\hbox'). Otherwise just continue,
and I'll forget about whatever was undefined.


Overfull \hbox (51.98026pt too wide) in paragraph at lines 6--6
 \OT1/cmr/bx/n/10 Universit^^Sa 
 []


Overfull \hbox (9.58328pt too wide) in paragraph at lines 6--6
 \OT1/cmr/bx/n/10 di 
 []


Overfull \hbox (29.54843pt too wide) in paragraph at lines 6--6
 \OT1/cmr/bx/n/10 Roma 
 []


Overfull \hbox (17.5277pt too wide) in paragraph at lines 6--6
 \OT1/cmr/bx/n/10 Tor 
 []


Overfull \hbox (21.5763pt too wide) in paragraph at lines 6--6
 \OT1/cmr/bx/n/10 Ver- 
 []


Overfull \hbox (21.40262pt too wide) in paragraph at lines 6--6
 \OT1/cmr/bx/n/10 gata 
 []


! LaTeX Error: The font size command \normalsize is not defined:
               there is probably something wrong with the class file.

See the LaTeX manual or LaTeX Companion for explanation.
Type  H <return>  for immediate help.
 ...                                              
                                                  
l.7   \normalsize
                 
Your command was ignored.
Type  I <command> <return>  to replace it with another command,
or  <return>  to continue without it.


Overfull \hbox (29.07762pt too wide) in paragraph at lines 8--8
 []\OT1/cmr/bx/n/10 Corso 
 []


Overfull \hbox (9.58328pt too wide) in paragraph at lines 8--8
 \OT1/cmr/bx/n/10 di 
 []


Overfull \hbox (22.72902pt too wide) in paragraph at lines 8--8
 \OT1/cmr/bx/n/10 Lau- 
 []


Overfull \hbox (15.59714pt too wide) in paragraph at lines 8--8
 \OT1/cmr/bx/n/10 rea 
 []


Overfull \hbox (32.48729pt too wide) in paragraph at lines 8--8
 \OT1/cmr/bx/n/10 magis- 
 []


Overfull \hbox (23.26376pt too wide) in paragraph at lines 8--8
 \OT1/cmr/bx/n/10 trale 
 []


Overfull \hbox (9.58328pt too wide) in paragraph at lines 8--8
 \OT1/cmr/bx/n/10 in 
 []


Overfull \hbox (14.58325pt too wide) in paragraph at lines 8--8
 \OT1/cmr/bx/n/10 In- 
 []


Overfull \hbox (20.60406pt too wide) in paragraph at lines 8--8
 \OT1/cmr/bx/n/10 geg- 
 []


Overfull \hbox (15.49298pt too wide) in paragraph at lines 8--8
 \OT1/cmr/bx/n/10 ne- 
 []


Overfull \hbox (13.52075pt too wide) in paragraph at lines 8--8
 \OT1/cmr/bx/n/10 ria 
 []


Overfull \hbox (14.58325pt too wide) in paragraph at lines 8--8
 \OT1/cmr/bx/n/10 In- 
 []


Overfull \hbox (17.83325pt too wide) in paragraph at lines 8--8
 \OT1/cmr/bx/n/10 for- 
 []


Overfull \hbox (23.47902pt too wide) in paragraph at lines 8--8
 \OT1/cmr/bx/n/10 mat- 
 []


Overfull \hbox (13.89574pt too wide) in paragraph at lines 8--8
 \OT1/cmr/bx/n/10 ica 
 []


Overfull \hbox (67.5413pt too wide) in paragraph at lines 9--9
 []\OT1/cmr/bx/n/10 Dipartimento 
 []


Overfull \hbox (9.58328pt too wide) in paragraph at lines 9--9
 \OT1/cmr/bx/n/10 di 
 []


Overfull \hbox (14.58325pt too wide) in paragraph at lines 9--9
 \OT1/cmr/bx/n/10 In- 
 []


Overfull \hbox (20.60406pt too wide) in paragraph at lines 9--9
 \OT1/cmr/bx/n/10 geg- 
 []


Overfull \hbox (15.49298pt too wide) in paragraph at lines 9--9
 \OT1/cmr/bx/n/10 ne- 
 []


Overfull \hbox (13.52075pt too wide) in paragraph at lines 9--9
 \OT1/cmr/bx/n/10 ria 
 []


Overfull \hbox (14.58325pt too wide) in paragraph at lines 9--9
 \OT1/cmr/bx/n/10 In- 
 []


Overfull \hbox (17.83325pt too wide) in paragraph at lines 9--9
 \OT1/cmr/bx/n/10 for- 
 []


Overfull \hbox (40.88866pt too wide) in paragraph at lines 9--9
 \OT1/cmr/bx/n/10 mazione 
 []


! LaTeX Error: Environment figure undefined.

See the LaTeX manual or LaTeX Companion for explanation.
Type  H <return>  for immediate help.
 ...                                              
                                                  
l.10   \begin{figure}
                     [htbp]
Your command was ignored.
Type  I <command> <return>  to replace it with another command,
or  <return>  to continue without it.


Overfull \hbox (29.70818pt too wide) in paragraph at lines 10--11
 []\OT1/cmr/bx/n/10 [htbp] 
 []

! Undefined control sequence.
l.12       \includegraphics
                           [scale= 0.15]{logo.png}
The control sequence at the end of the top line
of your error message was never \def'ed. If you have
misspelled it (e.g., `\hobx'), type `I' and the correct
spelling (e.g., `I\hbox'). Otherwise just continue,
and I'll forget about whatever was undefined.


Overfull \hbox (35.84145pt too wide) in paragraph at lines 12--14
 \OT1/cmr/bx/n/10 [scale= 
 []


Overfull \hbox (65.8052pt too wide) in paragraph at lines 12--14
 \OT1/cmr/bx/n/10 0.15]logo.png 
 []


! LaTeX Error: \begin{center} on input line 4 ended by \end{figure}.

See the LaTeX manual or LaTeX Companion for explanation.
Type  H <return>  for immediate help.
 ...                                              
                                                  
l.15   \end{figure}
                   
Your command was ignored.
Type  I <command> <return>  to replace it with another command,
or  <return>  to continue without it.

! Undefined control sequence.
l.16   \vspace{0.3cm} \Large
                            
The control sequence at the end of the top line
of your error message was never \def'ed. If you have
misspelled it (e.g., `\hobx'), type `I' and the correct
spelling (e.g., `I\hbox'). Otherwise just continue,
and I'll forget about whatever was undefined.


Overfull \hbox (34.79283pt too wide) in paragraph at lines 18--18
 []\OT1/cmr/bx/n/10 Analisi 
 []


Overfull \hbox (23.63875pt too wide) in paragraph at lines 18--18
 \OT1/cmr/bx/n/10 della 
 []


Overfull \hbox (16.29158pt too wide) in paragraph at lines 18--18
 \OT1/cmr/bx/n/10 po- 
 []


Overfull \hbox (17.35406pt too wide) in paragraph at lines 18--18
 \OT1/cmr/bx/n/10 lar- 
 []


Overfull \hbox (12.13882pt too wide) in paragraph at lines 18--18
 \OT1/cmr/bx/n/10 iz- 
 []


Overfull \hbox (36.41646pt too wide) in paragraph at lines 18--18
 \OT1/cmr/bx/n/10 zazione 
 []


Overfull \hbox (9.58328pt too wide) in paragraph at lines 18--18
 \OT1/cmr/bx/n/10 di 
 []


Overfull \hbox (17.77768pt too wide) in paragraph at lines 18--18
 \OT1/cmr/bx/n/10 En- 
 []


Overfull \hbox (30.51512pt too wide) in paragraph at lines 18--18
 \OT1/cmr/bx/n/10 dorse- 
 []


Overfull \hbox (25.3957pt too wide) in paragraph at lines 18--18
 \OT1/cmr/bx/n/10 ment 
 []


Overfull \hbox (35.34007pt too wide) in paragraph at lines 18--18
 \OT1/cmr/bx/n/10 Graph, 
 []


Overfull \hbox (13.89574pt too wide) in paragraph at lines 18--18
 \OT1/cmr/bx/n/10 at- 
 []


Overfull \hbox (40.522pt too wide) in paragraph at lines 18--18
 \OT1/cmr/bx/n/10 traverso 
 []


Overfull \hbox (20.02905pt too wide) in paragraph at lines 18--18
 \OT1/cmr/bx/n/10 sen- 
 []


Overfull \hbox (11.49994pt too wide) in paragraph at lines 18--18
 \OT1/cmr/bx/n/10 ti- 
 []


Overfull \hbox (25.3957pt too wide) in paragraph at lines 18--18
 \OT1/cmr/bx/n/10 ment 
 []


Overfull \hbox (24.59705pt too wide) in paragraph at lines 18--18
 \OT1/cmr/bx/n/10 anal- 
 []


Overfull \hbox (9.90273pt too wide) in paragraph at lines 18--18
 \OT1/cmr/bx/n/10 y- 
 []


Overfull \hbox (12.26657pt too wide) in paragraph at lines 18--18
 \OT1/cmr/bx/n/10 sis 
 []

! Undefined control sequence.
l.20   \vspace*{.75cm} \large
                             
The control sequence at the end of the top line
of your error message was never \def'ed. If you have
misspelled it (e.g., `\hobx'), type `I' and the correct
spelling (e.g., `I\hbox'). Otherwise just continue,
and I'll forget about whatever was undefined.

! Undefined control sequence.
l.25 \vspace*{1.5cm} \large
                           
The control sequence at the end of the top line
of your error message was never \def'ed. If you have
misspelled it (e.g., `\hobx'), type `I' and the correct
spelling (e.g., `I\hbox'). Otherwise just continue,
and I'll forget about whatever was undefined.


! LaTeX Error: Environment tabularx undefined.

See the LaTeX manual or LaTeX Companion for explanation.
Type  H <return>  for immediate help.
 ...                                              
                                                  
l.28 \begin{tabularx}
                     {\textwidth}{XR}
Your command was ignored.
Type  I <command> <return>  to replace it with another command,
or  <return>  to continue without it.

! Missing number, treated as zero.
<to be read again> 
                   }
l.28 \begin{tabularx}{\textwidth}
                                 {XR}
A number should have been here; I inserted `0'.
(If you can't figure out why I needed to see a number,
look up `weird error' in the index to The TeXbook.)

! Illegal unit of measure (pt inserted).
<to be read again> 
                   }
l.28 \begin{tabularx}{\textwidth}
                                 {XR}
Dimensions can be in units of em, ex, in, pt, pc,
cm, mm, dd, cc, nd, nc, bp, or sp; but yours is a new one!
I'll assume that you meant to say pt, for printer's points.
To recover gracefully from this error, it's best to
delete the erroneous units; e.g., type `2' to delete
two letters. (See Chapter 27 of The TeXbook.)

! Misplaced alignment tab character &.
l.29 Relatore: &
                 Candidato:\\
I can't figure out why you would want to use a tab mark
here. If you just want an ampersand, the remedy is
simple: Just type `I\&' now. But if some right brace
up above has ended a previous alignment prematurely,
you're probably due for more error messages, and you
might try typing `S' now just to see what is salvageable.

! Misplaced alignment tab character &.
l.30 Giuseppe F. Italiano &
                            Alessandro Valenti\\
I can't figure out why you would want to use a tab mark
here. If you just want an ampersand, the remedy is
simple: Just type `I\&' now. But if some right brace
up above has ended a previous alignment prematurely,
you're probably due for more error messages, and you
might try typing `S' now just to see what is salvageable.

! Misplaced alignment tab character &.
l.31 Correlatore: &
                    matricola 0228709\\
I can't figure out why you would want to use a tab mark
here. If you just want an ampersand, the remedy is
simple: Just type `I\&' now. But if some right brace
up above has ended a previous alignment prematurely,
you're probably due for more error messages, and you
might try typing `S' now just to see what is salvageable.

! Misplaced alignment tab character &.
l.32 Ing. Nikos Parotsidis &
                            \\
I can't figure out why you would want to use a tab mark
here. If you just want an ampersand, the remedy is
simple: Just type `I\&' now. But if some right brace
up above has ended a previous alignment prematurely,
you're probably due for more error messages, and you
might try typing `S' now just to see what is salvageable.


! LaTeX Error: \begin{document} ended by \end{tabularx}.

See the LaTeX manual or LaTeX Companion for explanation.
Type  H <return>  for immediate help.
 ...                                              
                                                  
l.33 \end{tabularx}
                   
Your command was ignored.
Type  I <command> <return>  to replace it with another command,
or  <return>  to continue without it.


Overfull \hbox (37.31935pt too wide) in paragraph at lines 28--34
[]\OT1/cmr/bx/n/10 XR
 []


Overfull \hbox (17.72908pt too wide) in paragraph at lines 28--34
\OT1/cmr/bx/n/10 Re-
 []


Overfull \hbox (12.61797pt too wide) in paragraph at lines 28--34
\OT1/cmr/bx/n/10 la-
 []


Overfull \hbox (23.42351pt too wide) in paragraph at lines 28--34
\OT1/cmr/bx/n/10 tore:
 []


Overfull \hbox (24.1179pt too wide) in paragraph at lines 28--34
\OT1/cmr/bx/n/10 Can-
 []


Overfull \hbox (34.97896pt too wide) in paragraph at lines 28--34
\OT1/cmr/bx/n/10 didato: 
 []


Overfull \hbox (46.79974pt too wide) in paragraph at lines 28--34
\OT1/cmr/bx/n/10 Giuseppe
 []


Overfull \hbox (10.4305pt too wide) in paragraph at lines 28--34
\OT1/cmr/bx/n/10 F.
 []


Overfull \hbox (21.45125pt too wide) in paragraph at lines 28--34
\OT1/cmr/bx/n/10 Ital-
 []


Overfull \hbox (20.92348pt too wide) in paragraph at lines 28--34
\OT1/cmr/bx/n/10 iano
 []


Overfull \hbox (42.04417pt too wide) in paragraph at lines 28--34
\OT1/cmr/bx/n/10 Alessan-
 []


Overfull \hbox (16.87492pt too wide) in paragraph at lines 28--34
\OT1/cmr/bx/n/10 dro
 []


Overfull \hbox (35.52757pt too wide) in paragraph at lines 28--34
\OT1/cmr/bx/n/10 Valenti 
 []


Overfull \hbox (61.00665pt too wide) in paragraph at lines 28--34
\OT1/cmr/bx/n/10 Correlatore:
 []


Overfull \hbox (19.00682pt too wide) in paragraph at lines 28--34
\OT1/cmr/bx/n/10 ma-
 []


Overfull \hbox (16.23604pt too wide) in paragraph at lines 28--34
\OT1/cmr/bx/n/10 tri-
 []


Overfull \hbox (19.6457pt too wide) in paragraph at lines 28--34
\OT1/cmr/bx/n/10 cola
 []


Overfull \hbox (40.24979pt too wide) in paragraph at lines 28--34
\OT1/cmr/bx/n/10 0228709 
 []


Overfull \hbox (19.69434pt too wide) in paragraph at lines 28--34
\OT1/cmr/bx/n/10 Ing.
 []


Overfull \hbox (28.2304pt too wide) in paragraph at lines 28--34
\OT1/cmr/bx/n/10 Nikos
 []


Overfull \hbox (31.92343pt too wide) in paragraph at lines 28--34
\OT1/cmr/bx/n/10 Parot-
 []


Overfull \hbox (21.84985pt too wide) in paragraph at lines 28--34
\OT1/cmr/bx/n/10 sidis 
 []


Overfull \hbox (20.0pt too wide) in paragraph at lines 58--58
[] 
 []


Overfull \hbox (27.22208pt too wide) in paragraph at lines 62--63
 \OT1/cmr/bx/n/10 Anno 
 []


Overfull \hbox (17.6388pt too wide) in paragraph at lines 62--63
 \OT1/cmr/bx/n/10 Ac- 
 []


Overfull \hbox (14.53462pt too wide) in paragraph at lines 62--63
 \OT1/cmr/bx/n/10 ca- 
 []


Overfull \hbox (35.29843pt too wide) in paragraph at lines 62--63
 \OT1/cmr/bx/n/10 demico 
 []


Overfull \hbox (26.83319pt too wide) in paragraph at lines 62--63
 \OT1/cmr/bx/n/10 2016- 
 []


Overfull \hbox (28.74985pt too wide) in paragraph at lines 62--63
 \OT1/cmr/bx/n/10 20017 
 []


! LaTeX Error: The font size command \normalsize is not defined:
               there is probably something wrong with the class file.

See the LaTeX manual or LaTeX Companion for explanation.
Type  H <return>  for immediate help.
 ...                                              
                                                  
l.63 \end{center} \clearpage
                            
Your command was ignored.
Type  I <command> <return>  to replace it with another command,
or  <return>  to continue without it.

[1{/var/lib/texmf/fonts/map/pdftex/updmap/pdftex.map}])
! Emergency stop.
<*> frontespizio.tex
                    
*** (job aborted, no legal \end found)

 
Here is how much of TeX's memory you used:
 15 strings out of 493029
 247 string characters out of 6136234
 56076 words of memory out of 5000000
 3648 multiletter control sequences out of 15000+600000
 3948 words of font info for 15 fonts, out of 8000000 for 9000
 1141 hyphenation exceptions out of 8191
 20i,4n,14p,128b,107s stack positions out of 5000i,500n,10000p,200000b,80000s
!  ==> Fatal error occurred, no output PDF file produced!
