This is pdfTeX, Version 3.14159265-2.6-1.40.16 (TeX Live 2015/Debian) (preloaded format=pdflatex 2017.8.31)  7 FEB 2018 18:42
entering extended mode
 restricted \write18 enabled.
 %&-line parsing enabled.
**tesi.tex
(./tesi.tex
LaTeX2e <2016/02/01>
Babel <3.9q> and hyphenation patterns for 81 language(s) loaded.
(/usr/share/texlive/texmf-dist/tex/latex/base/report.cls
Document Class: report 2014/09/29 v1.4h Standard LaTeX document class
(/usr/share/texlive/texmf-dist/tex/latex/base/size12.clo
File: size12.clo 2014/09/29 v1.4h Standard LaTeX file (size option)
)
\c@part=\count79
\c@chapter=\count80
\c@section=\count81
\c@subsection=\count82
\c@subsubsection=\count83
\c@paragraph=\count84
\c@subparagraph=\count85
\c@figure=\count86
\c@table=\count87
\abovecaptionskip=\skip41
\belowcaptionskip=\skip42
\bibindent=\dimen102
)
(/usr/share/texlive/texmf-dist/tex/latex/graphics/graphicx.sty
Package: graphicx 2014/10/28 v1.0g Enhanced LaTeX Graphics (DPC,SPQR)

(/usr/share/texlive/texmf-dist/tex/latex/graphics/keyval.sty
Package: keyval 2014/10/28 v1.15 key=value parser (DPC)
\KV@toks@=\toks14
)
(/usr/share/texlive/texmf-dist/tex/latex/graphics/graphics.sty
Package: graphics 2016/01/03 v1.0q Standard LaTeX Graphics (DPC,SPQR)

(/usr/share/texlive/texmf-dist/tex/latex/graphics/trig.sty
Package: trig 2016/01/03 v1.10 sin cos tan (DPC)
)
(/usr/share/texlive/texmf-dist/tex/latex/latexconfig/graphics.cfg
File: graphics.cfg 2010/04/23 v1.9 graphics configuration of TeX Live
)
Package graphics Info: Driver file: pdftex.def on input line 95.

(/usr/share/texlive/texmf-dist/tex/latex/pdftex-def/pdftex.def
File: pdftex.def 2011/05/27 v0.06d Graphics/color for pdfTeX

(/usr/share/texlive/texmf-dist/tex/generic/oberdiek/infwarerr.sty
Package: infwarerr 2010/04/08 v1.3 Providing info/warning/error messages (HO)
)
(/usr/share/texlive/texmf-dist/tex/generic/oberdiek/ltxcmds.sty
Package: ltxcmds 2011/11/09 v1.22 LaTeX kernel commands for general use (HO)
)
\Gread@gobject=\count88
))
\Gin@req@height=\dimen103
\Gin@req@width=\dimen104
)
(/usr/share/texlive/texmf-dist/tex/latex/tools/tabularx.sty
Package: tabularx 2014/10/28 v2.10 `tabularx' package (DPC)

(/usr/share/texlive/texmf-dist/tex/latex/tools/array.sty
Package: array 2014/10/28 v2.4c Tabular extension package (FMi)
\col@sep=\dimen105
\extrarowheight=\dimen106
\NC@list=\toks15
\extratabsurround=\skip43
\backup@length=\skip44
)
\TX@col@width=\dimen107
\TX@old@table=\dimen108
\TX@old@col=\dimen109
\TX@target=\dimen110
\TX@delta=\dimen111
\TX@cols=\count89
\TX@ftn=\toks16
)
(/usr/share/texlive/texmf-dist/tex/latex/subfigure/subfigure.sty
Package: subfigure 2002/03/15 v2.1.5 subfigure package
\subfigtopskip=\skip45
\subfigcapskip=\skip46
\subfigcaptopadj=\dimen112
\subfigbottomskip=\skip47
\subfigcapmargin=\dimen113
\subfiglabelskip=\skip48
\c@subfigure=\count90
\c@lofdepth=\count91
\c@subtable=\count92
\c@lotdepth=\count93

****************************************
* Local config file subfigure.cfg used *
****************************************
(/usr/share/texlive/texmf-dist/tex/latex/subfigure/subfigure.cfg)
\subfig@top=\skip49
\subfig@bottom=\skip50
)
(/usr/share/texlive/texmf-dist/tex/latex/tools/afterpage.sty
Package: afterpage 2014/10/28 v1.08 After-Page Package (DPC)
\AP@output=\toks17
\AP@partial=\box26
\AP@footins=\box27
)
(/usr/share/texlive/texmf-dist/tex/latex/amsmath/amsmath.sty
Package: amsmath 2016/03/03 v2.15a AMS math features
\@mathmargin=\skip51

For additional information on amsmath, use the `?' option.
(/usr/share/texlive/texmf-dist/tex/latex/amsmath/amstext.sty
Package: amstext 2000/06/29 v2.01 AMS text

(/usr/share/texlive/texmf-dist/tex/latex/amsmath/amsgen.sty
File: amsgen.sty 1999/11/30 v2.0 generic functions
\@emptytoks=\toks18
\ex@=\dimen114
))
(/usr/share/texlive/texmf-dist/tex/latex/amsmath/amsbsy.sty
Package: amsbsy 1999/11/29 v1.2d Bold Symbols
\pmbraise@=\dimen115
)
(/usr/share/texlive/texmf-dist/tex/latex/amsmath/amsopn.sty
Package: amsopn 1999/12/14 v2.01 operator names
)
\inf@bad=\count94
LaTeX Info: Redefining \frac on input line 199.
\uproot@=\count95
\leftroot@=\count96
LaTeX Info: Redefining \overline on input line 297.
\classnum@=\count97
\DOTSCASE@=\count98
LaTeX Info: Redefining \ldots on input line 394.
LaTeX Info: Redefining \dots on input line 397.
LaTeX Info: Redefining \cdots on input line 518.
\Mathstrutbox@=\box28
\strutbox@=\box29
\big@size=\dimen116
LaTeX Font Info:    Redeclaring font encoding OML on input line 630.
LaTeX Font Info:    Redeclaring font encoding OMS on input line 631.
\macc@depth=\count99
\c@MaxMatrixCols=\count100
\dotsspace@=\muskip10
\c@parentequation=\count101
\dspbrk@lvl=\count102
\tag@help=\toks19
\row@=\count103
\column@=\count104
\maxfields@=\count105
\andhelp@=\toks20
\eqnshift@=\dimen117
\alignsep@=\dimen118
\tagshift@=\dimen119
\tagwidth@=\dimen120
\totwidth@=\dimen121
\lineht@=\dimen122
\@envbody=\toks21
\multlinegap=\skip52
\multlinetaggap=\skip53
\mathdisplay@stack=\toks22
LaTeX Info: Redefining \[ on input line 2735.
LaTeX Info: Redefining \] on input line 2736.
)
(/usr/share/texlive/texmf-dist/tex/latex/amsfonts/amssymb.sty
Package: amssymb 2013/01/14 v3.01 AMS font symbols

(/usr/share/texlive/texmf-dist/tex/latex/amsfonts/amsfonts.sty
Package: amsfonts 2013/01/14 v3.01 Basic AMSFonts support
\symAMSa=\mathgroup4
\symAMSb=\mathgroup5
LaTeX Font Info:    Overwriting math alphabet `\mathfrak' in version `bold'
(Font)                  U/euf/m/n --> U/euf/b/n on input line 106.
))
(/usr/share/texlive/texmf-dist/tex/latex/rotating/rotating.sty
Package: rotating 2009/03/28 v2.16a rotated objects in LaTeX

(/usr/share/texlive/texmf-dist/tex/latex/base/ifthen.sty
Package: ifthen 2014/09/29 v1.1c Standard LaTeX ifthen package (DPC)
)
\c@r@tfl@t=\count106
\rotFPtop=\skip54
\rotFPbot=\skip55
\rot@float@box=\box30
\rot@mess@toks=\toks23
)
(/usr/share/texlive/texmf-dist/tex/latex/fancyhdr/fancyhdr.sty
\fancy@headwidth=\skip56
\f@ncyO@elh=\skip57
\f@ncyO@erh=\skip58
\f@ncyO@olh=\skip59
\f@ncyO@orh=\skip60
\f@ncyO@elf=\skip61
\f@ncyO@erf=\skip62
\f@ncyO@olf=\skip63
\f@ncyO@orf=\skip64
)
(/usr/share/texlive/texmf-dist/tex/latex/caption/caption.sty
Package: caption 2016/02/21 v3.3-144 Customizing captions (AR)

(/usr/share/texlive/texmf-dist/tex/latex/caption/caption3.sty
Package: caption3 2016/02/04 v1.7-139 caption3 kernel (AR)
Package caption3 Info: TeX engine: e-TeX on input line 67.
\captionmargin=\dimen123
\captionmargin@=\dimen124
\captionwidth=\dimen125
\caption@tempdima=\dimen126
\caption@indent=\dimen127
\caption@parindent=\dimen128
\caption@hangindent=\dimen129
)
\c@ContinuedFloat=\count107
Package caption Info: rotating package is loaded.
Package caption Info: subfigure package is loaded.
)
(/usr/share/texlive/texmf-dist/tex/latex/comment/comment.sty
\CommentStream=\write3

Excluding comment 'comment')
(/usr/share/texlive/texmf-dist/tex/latex/hyperref/nameref.sty
Package: nameref 2012/10/27 v2.43 Cross-referencing by name of section

(/usr/share/texlive/texmf-dist/tex/latex/oberdiek/refcount.sty
Package: refcount 2011/10/16 v3.4 Data extraction from label references (HO)
)
(/usr/share/texlive/texmf-dist/tex/generic/oberdiek/gettitlestring.sty
Package: gettitlestring 2010/12/03 v1.4 Cleanup title references (HO)

(/usr/share/texlive/texmf-dist/tex/latex/oberdiek/kvoptions.sty
Package: kvoptions 2011/06/30 v3.11 Key value format for package options (HO)

(/usr/share/texlive/texmf-dist/tex/generic/oberdiek/kvsetkeys.sty
Package: kvsetkeys 2012/04/25 v1.16 Key value parser (HO)

(/usr/share/texlive/texmf-dist/tex/generic/oberdiek/etexcmds.sty
Package: etexcmds 2011/02/16 v1.5 Avoid name clashes with e-TeX commands (HO)

(/usr/share/texlive/texmf-dist/tex/generic/oberdiek/ifluatex.sty
Package: ifluatex 2010/03/01 v1.3 Provides the ifluatex switch (HO)
Package ifluatex Info: LuaTeX not detected.
)
Package etexcmds Info: Could not find \expanded.
(etexcmds)             That can mean that you are not using pdfTeX 1.50 or
(etexcmds)             that some package has redefined \expanded.
(etexcmds)             In the latter case, load this package earlier.
))))
\c@section@level=\count108
LaTeX Info: Redefining \ref on input line 353.
LaTeX Info: Redefining \pageref on input line 353.
)
(/usr/share/texlive/texmf-dist/tex/latex/url/url.sty
\Urlmuskip=\muskip11
Package: url 2013/09/16  ver 3.4  Verb mode for urls, etc.
)
(/usr/share/texlive/texmf-dist/tex/latex/multirow/multirow.sty
\bigstrutjot=\dimen130
)
(/usr/share/texlive/texmf-dist/tex/generic/babel/babel.sty
Package: babel 2016/02/24 3.9q The Babel package

(/usr/share/texlive/texmf-dist/tex/generic/babel-italian/italian.ldf
Language: italian 2015/03/26 v1.3n Italian support from the babel system

(/usr/share/texlive/texmf-dist/tex/generic/babel/babel.def
File: babel.def 2016/02/24 3.9q Babel common definitions
\babel@savecnt=\count109
\U@D=\dimen131
)
\it@lettering=\count110
\it@doublequoteactive=\count111
\it@ISOcompliance=\count112
))
(/usr/share/texlive/texmf-dist/tex/latex/etoolbox/etoolbox.sty
Package: etoolbox 2015/08/02 v2.2a e-TeX tools for LaTeX (JAW)
\etb@tempcnta=\count113
)
(/usr/share/texlive/texmf-dist/tex/latex/base/inputenc.sty
Package: inputenc 2015/03/17 v1.2c Input encoding file
\inpenc@prehook=\toks24
\inpenc@posthook=\toks25

(/usr/share/texlive/texmf-dist/tex/latex/ucs/utf8x.def
File: utf8x.def 2004/10/17 UCS: Input encoding UTF-8
))
(/usr/share/texlive/texmf-dist/tex/latex/ucs/ucs.sty
Package: ucs 2013/05/11 v2.2 UCS: Unicode input support

(/usr/share/texlive/texmf-dist/tex/latex/ucs/data/uni-global.def
File: uni-global.def 2013/05/13 UCS: Unicode global data
)
\uc@secondtry=\count114
\uc@combtoks=\toks26
\uc@combtoksb=\toks27
\uc@temptokena=\toks28
) (./tesi.aux
(./frontespizio.aux) (./sommario.aux) (./capitolo1.aux) (./capitolo2.aux)
(./capitolo4.aux) (./capitolo5.aux) (./capitolo6.aux) (./capitolo7.aux))
\openout1 = `tesi.aux'.

LaTeX Font Info:    Checking defaults for OML/cmm/m/it on input line 35.
LaTeX Font Info:    ... okay on input line 35.
LaTeX Font Info:    Checking defaults for T1/cmr/m/n on input line 35.
LaTeX Font Info:    ... okay on input line 35.
LaTeX Font Info:    Checking defaults for OT1/cmr/m/n on input line 35.
LaTeX Font Info:    ... okay on input line 35.
LaTeX Font Info:    Checking defaults for OMS/cmsy/m/n on input line 35.
LaTeX Font Info:    ... okay on input line 35.
LaTeX Font Info:    Checking defaults for OMX/cmex/m/n on input line 35.
LaTeX Font Info:    ... okay on input line 35.
LaTeX Font Info:    Checking defaults for U/cmr/m/n on input line 35.
LaTeX Font Info:    ... okay on input line 35.

(/usr/share/texlive/texmf-dist/tex/context/base/supp-pdf.mkii
[Loading MPS to PDF converter (version 2006.09.02).]
\scratchcounter=\count115
\scratchdimen=\dimen132
\scratchbox=\box31
\nofMPsegments=\count116
\nofMParguments=\count117
\everyMPshowfont=\toks29
\MPscratchCnt=\count118
\MPscratchDim=\dimen133
\MPnumerator=\count119
\makeMPintoPDFobject=\count120
\everyMPtoPDFconversion=\toks30
) (/usr/share/texlive/texmf-dist/tex/generic/oberdiek/pdftexcmds.sty
Package: pdftexcmds 2011/11/29 v0.20 Utility functions of pdfTeX for LuaTeX (HO
)

(/usr/share/texlive/texmf-dist/tex/generic/oberdiek/ifpdf.sty
Package: ifpdf 2011/01/30 v2.3 Provides the ifpdf switch (HO)
Package ifpdf Info: pdfTeX in PDF mode is detected.
)
Package pdftexcmds Info: LuaTeX not detected.
Package pdftexcmds Info: \pdf@primitive is available.
Package pdftexcmds Info: \pdf@ifprimitive is available.
Package pdftexcmds Info: \pdfdraftmode found.
)
(/usr/share/texlive/texmf-dist/tex/latex/oberdiek/epstopdf-base.sty
Package: epstopdf-base 2010/02/09 v2.5 Base part for package epstopdf

(/usr/share/texlive/texmf-dist/tex/latex/oberdiek/grfext.sty
Package: grfext 2010/08/19 v1.1 Manage graphics extensions (HO)

(/usr/share/texlive/texmf-dist/tex/generic/oberdiek/kvdefinekeys.sty
Package: kvdefinekeys 2011/04/07 v1.3 Define keys (HO)
))
Package grfext Info: Graphics extension search list:
(grfext)             [.png,.pdf,.jpg,.mps,.jpeg,.jbig2,.jb2,.PNG,.PDF,.JPG,.JPE
G,.JBIG2,.JB2,.eps]
(grfext)             \AppendGraphicsExtensions on input line 452.

(/usr/share/texlive/texmf-dist/tex/latex/latexconfig/epstopdf-sys.cfg
File: epstopdf-sys.cfg 2010/07/13 v1.3 Configuration of (r)epstopdf for TeX Liv
e
))
Package caption Info: Begin \AtBeginDocument code.
Package caption Info: End \AtBeginDocument code.
LaTeX Info: Redefining \it@ocap on input line 35.
LaTeX Info: Redefining \it@ccap on input line 35.


File italian.ldf warning: 
italian.ldf    With OT1 encoding guillemets are poorly faked
italian.ldf    Use T1 encoding
italian.ldf    or specify a font with command \CaporaliFrom
italian.ldf    See the documentation concerning the babel-italian typesetting 
italian.ldf    on input line 35.

(/usr/share/texlive/texmf-dist/tex/latex/ucs/ucsencs.def
File: ucsencs.def 2011/01/21 Fixes to fontencodings LGR, T3
)
\openout2 = `frontespizio.aux'.

 (./frontespizio.tex
<pictures/logo.png, id=1, 1084.05pt x 1084.05pt>
File: pictures/logo.png Graphic file (type png)
 <use pictures/logo.png>
Package pdftex.def Info: pictures/logo.png used on input line 14.
(pdftex.def)             Requested size: 162.60048pt x 162.60048pt.

(/usr/share/texlive/texmf-dist/tex/latex/amsfonts/umsa.fd)
(/usr/share/texlive/texmf-dist/tex/latex/amsfonts/umsb.fd)
Overfull \hbox (17.62482pt too wide) in paragraph at lines 36--37
[][] 
 []

[1


{/var/lib/texmf/fonts/map/pdftex/updmap/pdftex.map} <./pictures/logo.png>])
\openout2 = `sommario.aux'.


(./sommario.tex) [1





] [2

] Excluding 'comment' comment. (./tesi.toc [3


])
\tf@toc=\write4
\openout4 = `tesi.toc'.

 [4]
\openout2 = `capitolo1.aux'.


(./capitolo1.tex
Capitolo 1.
(/usr/share/texlive/texmf-dist/tex/latex/ucs/data/uni-0.def
File: uni-0.def 2013/05/13 UCS: Unicode data U+0000..U+00FF
)
LaTeX Font Info:    Try loading font information for OMS+cmr on input line 15.

(/usr/share/texlive/texmf-dist/tex/latex/base/omscmr.fd
File: omscmr.fd 2014/09/29 v2.5h Standard LaTeX font definitions
)
LaTeX Font Info:    Font shape `OMS/cmr/m/n' in size <12> not available
(Font)              Font shape `OMS/cmsy/m/n' tried instead on input line 15.
 [1



] [2] [3] [4]
[5] [6] [7] [8] Excluding 'comment' comment.) [9]
\openout2 = `capitolo2.aux'.

 (./capitolo2.tex
Capitolo 2.
[10



] [11] <pictures/twitter-logo.png, id=61, 513.92pt x 513.92pt>
File: pictures/twitter-logo.png Graphic file (type png)

<use pictures/twitter-logo.png>
Package pdftex.def Info: pictures/twitter-logo.png used on input line 32.
(pdftex.def)             Requested size: 77.08467pt x 77.08467pt.


LaTeX Font Warning: Font shape `OT1/cmss/m/it' in size <12> not available
(Font)              Font shape `OT1/cmss/m/sl' tried instead on input line 34.


LaTeX Font Warning: Font shape `OT1/cmss/m/it' in size <10.95> not available
(Font)              Font shape `OT1/cmss/m/sl' tried instead on input line 34.


LaTeX Warning: `!h' float specifier changed to `!ht'.

[12] [13 <./pictures/twitter-logo.png>] [14] [15] [16] [17]
Excluding 'comment' comment. [18]) [19]
\openout2 = `capitolo4.aux'.

 (./capitolo4.tex
Capitolo 3.
[20



] [21] <pictures/Aws.png, id=99, 357.335pt x 141.52875pt>
File: pictures/Aws.png Graphic file (type png)

<use pictures/Aws.png>
Package pdftex.def Info: pictures/Aws.png used on input line 34.
(pdftex.def)             Requested size: 178.66705pt x 70.76419pt.

Overfull \hbox (22.66943pt too wide) in paragraph at lines 34--35
 [][] 
 []

<pictures/Python.png, id=100, 388.45125pt x 130.4875pt>
File: pictures/Python.png Graphic file (type png)

<use pictures/Python.png>
Package pdftex.def Info: pictures/Python.png used on input line 40.
(pdftex.def)             Requested size: 194.22514pt x 65.24358pt.

Overfull \hbox (38.22752pt too wide) in paragraph at lines 40--41
 [][] 
 []

[22 <./pictures/Aws.png> <./pictures/Python.png>] [23] [24] [25]) [26] [27]
\openout2 = `capitolo5.aux'.


(./capitolo5.tex
Capitolo 4.
<pictures/Flusso.png, id=121, 781.92125pt x 604.2575pt>
File: pictures/Flusso.png Graphic file (type png)

<use pictures/Flusso.png>
Package pdftex.def Info: pictures/Flusso.png used on input line 10.
(pdftex.def)             Requested size: 390.95967pt x 302.128pt.

Overfull \hbox (0.95967pt too wide) in paragraph at lines 10--12
 [] 
 []


LaTeX Warning: `!h' float specifier changed to `!ht'.

[28



] [29 <./pictures/Flusso.png>] [30] [31]
<pictures/trump.png, id=135, 511.9125pt x 213.79875pt>
File: pictures/trump.png Graphic file (type png)

<use pictures/trump.png>
Package pdftex.def Info: pictures/trump.png used on input line 72.
(pdftex.def)             Requested size: 409.53056pt x 171.03922pt.

Overfull \hbox (19.53056pt too wide) in paragraph at lines 72--74
 [] 
 []


LaTeX Warning: `h' float specifier changed to `ht'.

[32] [33 <./pictures/trump.png>]
<pictures/sentiment.png, id=143, 708.6475pt x 373.395pt>
File: pictures/sentiment.png Graphic file (type png)

<use pictures/sentiment.png>
Package pdftex.def Info: pictures/sentiment.png used on input line 100.
(pdftex.def)             Requested size: 389.75734pt x 205.36787pt.


LaTeX Warning: `!h' float specifier changed to `!ht'.

[34] [35 <./pictures/sentiment.png>]
Underfull \hbox (badness 10000) in paragraph at lines 139--140
[]|\OT1/cmr/m/n/12 Con ele-zio-ni $@\OML/cmm/m/it/12 matteosalvinimi$ \OT1/cmr/
m/n/12 e
 []


Underfull \hbox (badness 10000) in paragraph at lines 139--140
\OT1/cmr/m/n/12 @\OML/cmm/m/it/12 Musumeci[]Staff$ \OT1/cmr/m/n/12 re-gio-na-li
 2017
 []


Underfull \hbox (badness 10000) in paragraph at lines 139--140
\OT1/cmr/m/n/12 in #Si-ci-lia !!#ele-zio-ni-re-gio-na-li2017
 []


Underfull \hbox (badness 1655) in paragraph at lines 150--150
[][]\OT1/cmr/m/n/10 Questa clas-si-fi-ca-zio-ne pu^^Ro es-se-re mo-di-fi-ca-ta 
in ba-se al-le esi-gen-ze del-l'u-ten-te,
 []

[36] [37] [38] [39] <pictures/esempio.png, id=166, 462.528pt x 346.896pt>
File: pictures/esempio.png Graphic file (type png)

<use pictures/esempio.png>
Package pdftex.def Info: pictures/esempio.png used on input line 183.
(pdftex.def)             Requested size: 370.02289pt x 277.51717pt.


LaTeX Warning: `!h' float specifier changed to `!ht'.

[40] [41 <./pictures/esempio.png>] [42] [43]
<pictures/Passo0.png, id=182, 432.61626pt x 362.35374pt>
File: pictures/Passo0.png Graphic file (type png)

<use pictures/Passo0.png>
Package pdftex.def Info: pictures/Passo0.png used on input line 264.
(pdftex.def)             Requested size: 173.04343pt x 144.93892pt.

Overfull \hbox (17.0458pt too wide) in paragraph at lines 264--265
 [][] 
 []

<pictures/Passo1.png, id=183, 432.61626pt x 362.35374pt>
File: pictures/Passo1.png Graphic file (type png)

<use pictures/Passo1.png>
Package pdftex.def Info: pictures/Passo1.png used on input line 271.
(pdftex.def)             Requested size: 173.04343pt x 144.93892pt.

Overfull \hbox (17.0458pt too wide) in paragraph at lines 271--272
 [][] 
 []

<pictures/Passo2.png, id=184, 432.61626pt x 362.35374pt>
File: pictures/Passo2.png Graphic file (type png)

<use pictures/Passo2.png>
Package pdftex.def Info: pictures/Passo2.png used on input line 278.
(pdftex.def)             Requested size: 173.04343pt x 144.93892pt.

Overfull \hbox (17.0458pt too wide) in paragraph at lines 278--279
 [][] 
 []

File: pictures/Passo2.png Graphic file (type png)
<use pictures/Passo2.png>
Package pdftex.def Info: pictures/Passo2.png used on input line 285.
(pdftex.def)             Requested size: 173.04343pt x 144.93892pt.

Overfull \hbox (17.0458pt too wide) in paragraph at lines 285--286
 [][] 
 []

[44] [45 <./pictures/Passo0.png> <./pictures/Passo1.png> <./pictures/Passo2.png
>] [46] [47] <pictures/RWPasso0.png, id=202, 407.5225pt x 381.425pt>
File: pictures/RWPasso0.png Graphic file (type png)

<use pictures/RWPasso0.png>
Package pdftex.def Info: pictures/RWPasso0.png used on input line 336.
(pdftex.def)             Requested size: 244.51538pt x 228.85675pt.
 [48 <./pictures/RWPasso0.png>] [49] [50] [51]
[52] [53] [54]) [55]
\openout2 = `capitolo6.aux'.

 (./capitolo6.tex
Capitolo 5.
[56



] [57] [58] <pictures/hashtagify.png, id=241, 244.915pt x 52.195pt>
File: pictures/hashtagify.png Graphic file (type png)

<use pictures/hashtagify.png>
Package pdftex.def Info: pictures/hashtagify.png used on input line 56.
(pdftex.def)             Requested size: 122.45718pt x 26.09743pt.
 [59] [60 <./pictures/hashtagify.png>]
Underfull \hbox (badness 4328) in paragraph at lines 91--91
[]|\OT1/cmr/m/n/12 A di-spo-si-zio-ne del #Mo-Vi-men-to5Stelle per cam-
 []


Underfull \hbox (badness 1622) in paragraph at lines 91--91
\OT1/cmr/m/n/12 bia-re la no-stra fan-ta-sti-ca #Si-ci-lia! Con-tat-ta-te-mi
 []


Underfull \hbox (badness 5578) in paragraph at lines 93--93
\OT1/cmr/m/n/12 re-gio-na-li 2017 in #Si-ci-lia !!#ele-zio-ni-re-gio-na-li2017
 []


Underfull \hbox (badness 10000) in paragraph at lines 95--95
[]|\OT1/cmr/m/n/12 'Siamo qui a #Pa-ler-mo per vin-ce-re con
 []


Overfull \hbox (5.0858pt too wide) in paragraph at lines 77--101
[] 
 []

[61]) [62] [63]
\openout2 = `capitolo7.aux'.

 (./capitolo7.tex
Capitolo 6.
) [64



] [65] (./tesi.bbl
Underfull \hbox (badness 10000) in paragraph at lines 4--9
[]\OT1/cmr/m/n/12 Computer Emer-gen-cy Re-spon-se Team.  Co-me fun-zio-
 []


Underfull \hbox (badness 10000) in paragraph at lines 4--9
\OT1/cmr/m/n/12 na il ran-som-ware Wan-na-Cry e co-sa fa-re per pro-teg-ger-
 []


Underfull \hbox (badness 10000) in paragraph at lines 4--9
\OT1/cmr/m/n/12 si.  $\OT1/cmtt/m/n/12 https : / / www . certnazionale . it / n
ews / 2017 / 05 / 15 /
 []


Overfull \hbox (37.41664pt too wide) in paragraph at lines 4--9
\OT1/cmtt/m/n/12 come-[]funziona-[]il-[]ransomware-[]wannacry-[]e-[]cosa-[]fare
-[]per-[]proteggersi/$\OT1/cmr/m/n/12 ,
 []

)

Package Fancyhdr Warning: \fancyhead's `E' option without twoside option is use
less on input line 90.


Package Fancyhdr Warning: \fancyhead's `E' option without twoside option is use
less on input line 92.

[66



] (./tesi.aux (./frontespizio.aux) (./sommario.aux) (./capitolo1.aux)
(./capitolo2.aux) (./capitolo4.aux) (./capitolo5.aux) (./capitolo6.aux)
(./capitolo7.aux)) ) 
Here is how much of TeX's memory you used:
 5995 strings out of 493029
 84358 string characters out of 6136234
 167940 words of memory out of 5000000
 9323 multiletter control sequences out of 15000+600000
 16299 words of font info for 61 fonts, out of 8000000 for 9000
 1142 hyphenation exceptions out of 8191
 42i,15n,43p,1089b,479s stack positions out of 5000i,500n,10000p,200000b,80000s
</usr/share/texlive/texmf-dist/fonts/type1/public/amsfonts/
cm/cmbx12.pfb></usr/share/texlive/texmf-dist/fonts/type1/public/amsfonts/cm/cmb
xti10.pfb></usr/share/texlive/texmf-dist/fonts/type1/public/amsfonts/cm/cmex10.
pfb></usr/share/texlive/texmf-dist/fonts/type1/public/amsfonts/cm/cmmi12.pfb></
usr/share/texlive/texmf-dist/fonts/type1/public/amsfonts/cm/cmmi8.pfb></usr/sha
re/texlive/texmf-dist/fonts/type1/public/amsfonts/cm/cmr10.pfb></usr/share/texl
ive/texmf-dist/fonts/type1/public/amsfonts/cm/cmr12.pfb></usr/share/texlive/tex
mf-dist/fonts/type1/public/amsfonts/cm/cmr6.pfb></usr/share/texlive/texmf-dist/
fonts/type1/public/amsfonts/cm/cmr7.pfb></usr/share/texlive/texmf-dist/fonts/ty
pe1/public/amsfonts/cm/cmr8.pfb></usr/share/texlive/texmf-dist/fonts/type1/publ
ic/amsfonts/cm/cmssi10.pfb></usr/share/texlive/texmf-dist/fonts/type1/public/am
sfonts/cm/cmsy10.pfb></usr/share/texlive/texmf-dist/fonts/type1/public/amsfonts
/cm/cmsy8.pfb></usr/share/texlive/texmf-dist/fonts/type1/public/amsfonts/cm/cmt
i10.pfb></usr/share/texlive/texmf-dist/fonts/type1/public/amsfonts/cm/cmti12.pf
b></usr/share/texlive/texmf-dist/fonts/type1/public/amsfonts/cm/cmtt12.pfb>
Output written on tesi.pdf (71 pages, 726884 bytes).
PDF statistics:
 323 PDF objects out of 1000 (max. 8388607)
 207 compressed objects within 3 object streams
 0 named destinations out of 1000 (max. 500000)
 66 words of extra memory for PDF output out of 10000 (max. 10000000)

